<?xml version="1.0" encoding="utf-8"?><testsuites><testsuite name="pytest" errors="0" failures="0" skipped="0" tests="1" time="0.023" timestamp="2025-03-17T12:51:24.687008-04:00" hostname="SKYNET"><testcase classname="tests.test_multiplicacion" name="test_multiplicar" time="0.001" /></testsuite></testsuites>