<?xml version="1.0" encoding="UTF-8"?>
<testsuite xmlns:xsi="http://www.w3.org/2001/XMLSchema-instance" xsi:noNamespaceSchemaLocation="https://maven.apache.org/surefire/maven-surefire-plugin/xsd/surefire-test-report-3.0.xsd" version="3.0" name="com.miempresa.AppTest" time="0.051" tests="1" errors="0" skipped="0" failures="0">
  <properties>
    <property name="java.specification.version" value="23"/>
    <property name="sun.cpu.isalist" value="amd64"/>
    <property name="sun.jnu.encoding" value="Cp1252"/>
    <property name="java.class.path" value="D:\VIDEOS YOUTUBE\JENKINS\ARCHIVOS\curso-jenkins\mi-proyecto\target\test-classes;D:\VIDEOS YOUTUBE\JENKINS\ARCHIVOS\curso-jenkins\mi-proyecto\target\classes;C:\Users\Nysde\.m2\repository\junit\junit\4.13.2\junit-4.13.2.jar;C:\Users\Nysde\.m2\repository\org\hamcrest\hamcrest-core\1.3\hamcrest-core-1.3.jar;"/>
    <property name="java.vm.vendor" value="Oracle Corporation"/>
    <property name="sun.arch.data.model" value="64"/>
    <property name="user.variant" value=""/>
    <property name="java.vendor.url" value="https://java.oracle.com/"/>
    <property name="user.timezone" value="America/La_Paz"/>
    <property name="os.name" value="Windows 11"/>
    <property name="java.vm.specification.version" value="23"/>
    <property name="sun.java.launcher" value="SUN_STANDARD"/>
    <property name="user.country" value="BO"/>
    <property name="sun.boot.library.path" value="C:\Program Files\Java\jdk-23\bin"/>
    <property name="sun.java.command" value="C:\Users\Nysde\AppData\Local\Temp\surefire13704633078453727433\surefirebooter-20250317164042326_3.jar C:\Users\Nysde\AppData\Local\Temp\surefire13704633078453727433 2025-03-17T16-40-42_206-jvmRun1 surefire-20250317164042326_1tmp surefire_0-20250317164042326_2tmp"/>
    <property name="jdk.debug" value="release"/>
    <property name="surefire.test.class.path" value="D:\VIDEOS YOUTUBE\JENKINS\ARCHIVOS\curso-jenkins\mi-proyecto\target\test-classes;D:\VIDEOS YOUTUBE\JENKINS\ARCHIVOS\curso-jenkins\mi-proyecto\target\classes;C:\Users\Nysde\.m2\repository\junit\junit\4.13.2\junit-4.13.2.jar;C:\Users\Nysde\.m2\repository\org\hamcrest\hamcrest-core\1.3\hamcrest-core-1.3.jar;"/>
    <property name="sun.cpu.endian" value="little"/>
    <property name="user.home" value="C:\Users\Nysde"/>
    <property name="user.language" value="es"/>
    <property name="java.specification.vendor" value="Oracle Corporation"/>
    <property name="java.version.date" value="2024-10-15"/>
    <property name="java.home" value="C:\Program Files\Java\jdk-23"/>
    <property name="file.separator" value="\"/>
    <property name="basedir" value="D:\VIDEOS YOUTUBE\JENKINS\ARCHIVOS\curso-jenkins\mi-proyecto"/>
    <property name="java.vm.compressedOopsMode" value="Zero based"/>
    <property name="line.separator" value="&#10;"/>
    <property name="java.vm.specification.vendor" value="Oracle Corporation"/>
    <property name="java.specification.name" value="Java Platform API Specification"/>
    <property name="surefire.real.class.path" value="C:\Users\Nysde\AppData\Local\Temp\surefire13704633078453727433\surefirebooter-20250317164042326_3.jar"/>
    <property name="user.script" value=""/>
    <property name="sun.management.compiler" value="HotSpot 64-Bit Tiered Compilers"/>
    <property name="java.runtime.version" value="23.0.1+11-39"/>
    <property name="user.name" value="Nysde"/>
    <property name="stdout.encoding" value="Cp1252"/>
    <property name="path.separator" value=";"/>
    <property name="os.version" value="10.0"/>
    <property name="java.runtime.name" value="Java(TM) SE Runtime Environment"/>
    <property name="file.encoding" value="UTF-8"/>
    <property name="java.vm.name" value="Java HotSpot(TM) 64-Bit Server VM"/>
    <property name="localRepository" value="C:\Users\Nysde\.m2\repository"/>
    <property name="java.vendor.url.bug" value="https://bugreport.java.com/bugreport/"/>
    <property name="java.io.tmpdir" value="C:\Users\Nysde\AppData\Local\Temp\"/>
    <property name="java.version" value="23.0.1"/>
    <property name="user.dir" value="D:\VIDEOS YOUTUBE\JENKINS\ARCHIVOS\curso-jenkins\mi-proyecto"/>
    <property name="os.arch" value="amd64"/>
    <property name="java.vm.specification.name" value="Java Virtual Machine Specification"/>
    <property name="sun.os.patch.level" value=""/>
    <property name="native.encoding" value="Cp1252"/>
    <property name="java.library.path" value="C:\Program Files\Java\jdk-23\bin;C:\WINDOWS\Sun\Java\bin;C:\WINDOWS\system32;C:\WINDOWS;C:\Program Files\Common Files\Oracle\Java\javapath;C:\Program Files (x86)\Common Files\Oracle\Java\java8path;C:\Program Files (x86)\Common Files\Oracle\Java\javapath;C:\Windows\system32;C:\Windows;C:\Windows\System32\Wbem;C:\Windows\System32\WindowsPowerShell\v1.0\;C:\Windows\System32\OpenSSH\;C:\Program Files\dotnet\;C:\ProgramData\chocolatey\bin;C:\Program Files\starship\bin\;C:\Program Files\Neovim\bin;C:\Program Files\Docker\Docker\resources\bin;C:\Program Files\Git\cmd;C:\Program Files\Sublime Text;c:\Users\Nysde\AppData\Local\Programs\cursor\resources\app\bin;C:\Program Files\Go\bin;C:\xampp\php\;C:\composer;C:\Users\Nysde\AppData\Local\Android\Sdk\platform-tools;C:\Users\Nysde\AppData\Local\Android\Sdk\build-tools\35.0.0;C:\Users\Nysde\AppData\Local\Android\Sdk\emulator;C:\Program Files\Java\jdk-23\bin;C:\skd_flutter\flutter\bin;C:\Program Files (x86)\Windows Kits\10\Windows Performance Toolkit\;C:\WINDOWS\system32;C:\WINDOWS;C:\WINDOWS\System32\Wbem;C:\WINDOWS\System32\WindowsPowerShell\v1.0\;C:\WINDOWS\System32\OpenSSH\;C:\Program Files\nodejs\;C:\Program Files\apache-maven-3.9.9\bin;C:\Users\Nysde\AppData\Local\Programs\Python\Python312\Scripts\;C:\Users\Nysde\AppData\Local\Programs\Python\Python312\;C:\Users\Nysde\AppData\Local\Microsoft\WindowsApps;C:\Users\Nysde\AppData\Local\Programs\Microsoft VS Code\bin;C:\Users\Nysde\AppData\Local\Muse Hub\lib;C:\Users\Nysde\go\bin;C:\Users\Nysde\AppData\Roaming\Composer\vendor\bin;C:\Users\Nysde\AppData\Local\GitHubDesktop\bin;C:\Program Files\JetBrains\IntelliJ IDEA Community Edition 2024.2.4\bin;C:\Users\Nysde\AppData\Local\atom\bin;C:\Users\Nysde\AppData\Local\Muse Hub\lib;C:\Users\Nysde\AppData\Local\Microsoft\WindowsApps;C:\Users\Nysde\AppData\Roaming\npm;."/>
    <property name="java.vm.info" value="mixed mode, sharing"/>
    <property name="stderr.encoding" value="Cp1252"/>
    <property name="java.vendor" value="Oracle Corporation"/>
    <property name="java.vm.version" value="23.0.1+11-39"/>
    <property name="sun.io.unicode.encoding" value="UnicodeLittle"/>
    <property name="java.class.version" value="67.0"/>
  </properties>
  <testcase name="testSumar" classname="com.miempresa.AppTest" time="0.004"/>
</testsuite>